{
  "stats": {
    "suites": 1,
    "tests": 14,
    "passes": 12,
    "pending": 0,
    "failures": 2,
    "start": "2024-07-13T09:56:21.719Z",
    "end": "2024-07-13T09:56:59.903Z",
    "duration": 38184,
    "testsRegistered": 14,
    "passPercent": 85.71428571428571,
    "pendingPercent": 0,
    "other": 0,
    "hasOther": false,
    "skipped": 0,
    "hasSkipped": false
  },
  "results": [
    {
      "uuid": "dfdf1409-d5f6-422f-8839-09a9599a882c",
      "title": "",
      "fullFile": "cypress\\e2e\\tests\\createAccountTests.cy.js",
      "file": "cypress\\e2e\\tests\\createAccountTests.cy.js",
      "beforeHooks": [],
      "afterHooks": [],
      "tests": [],
      "suites": [
        {
          "uuid": "66a52a89-f66f-44df-9756-6d93c6bf3861",
          "title": "Create Account",
          "fullFile": "",
          "file": "",
          "beforeHooks": [],
          "afterHooks": [],
          "tests": [
            {
              "title": "Create Account with valid data",
              "fullTitle": "Create Account Create Account with valid data",
              "timedOut": null,
              "duration": 3515,
              "state": "failed",
              "speed": null,
              "pass": false,
              "fail": true,
              "pending": false,
              "context": "{\n  \"title\": \"cypress-mochawesome-reporter-screenshots\",\n  \"value\": [\n    [\n      \"\\\\createAccountTests.cy.js\\\\Create Account -- Create Account with valid data (failed).png\"\n    ]\n  ]\n}",
              "code": "_StepsManager.default.createAccountPageSteps.enterUserInfoInfoWithoutRepeatedPassword();\n_StepsManager.default.createAccountPageSteps.enterConfirmPassword();\n_StepsManager.default.createAccountPageSteps.navigateToGaragePage();\n_StepsManager.default.garagePageSteps.verifyNavigationToGaragePage();",
              "err": {
                "message": "ReferenceError: base is not defined",
                "estack": "ReferenceError: base is not defined\n    at GaragePageSteps.verifyNavigationToGaragePage (webpack://rudis/./cypress/support/steps/GaragePageSteps.js:3:30)\n    at Context.eval (webpack://rudis/./cypress/e2e/tests/createAccountTests.cy.js:12:27)",
                "diff": null
              },
              "uuid": "d409155e-0f38-4769-96d9-a4eab6d91191",
              "parentUUID": "66a52a89-f66f-44df-9756-6d93c6bf3861",
              "isHook": false,
              "skipped": false
            },
            {
              "title": "Login with Valid Data",
              "fullTitle": "Create Account Login with Valid Data",
              "timedOut": null,
              "duration": 1515,
              "state": "failed",
              "speed": null,
              "pass": false,
              "fail": true,
              "pending": false,
              "context": "{\n  \"title\": \"cypress-mochawesome-reporter-screenshots\",\n  \"value\": [\n    [\n      \"\\\\createAccountTests.cy.js\\\\Create Account -- Login with Valid Data (failed).png\"\n    ]\n  ]\n}",
              "code": "cy.login();\n_StepsManager.default.garagePageSteps.verifyNavigationToGaragePage();",
              "err": {
                "message": "ReferenceError: base is not defined",
                "estack": "ReferenceError: base is not defined\n    at GaragePageSteps.verifyNavigationToGaragePage (webpack://rudis/./cypress/support/steps/GaragePageSteps.js:3:30)\n    at Context.eval (webpack://rudis/./cypress/e2e/tests/createAccountTests.cy.js:17:27)",
                "diff": null
              },
              "uuid": "40403752-e37e-4b84-a960-5b592b7e6871",
              "parentUUID": "66a52a89-f66f-44df-9756-6d93c6bf3861",
              "isHook": false,
              "skipped": false
            },
            {
              "title": "The empty Name field validation",
              "fullTitle": "Create Account The empty Name field validation",
              "timedOut": null,
              "duration": 2776,
              "state": "passed",
              "speed": "fast",
              "pass": true,
              "fail": false,
              "pending": false,
              "context": null,
              "code": "_StepsManager.default.createAccountPageSteps.enterUserInfoInfoWithEmptyNameField();\n_StepsManager.default.createAccountPageSteps.registerButtonIsDisabled();\n_StepsManager.default.createAccountPageSteps.verifyingTheErrorMessageForEmptyNameField();",
              "err": {},
              "uuid": "4dc16f18-c04c-446c-9f7c-34e07986a5a8",
              "parentUUID": "66a52a89-f66f-44df-9756-6d93c6bf3861",
              "isHook": false,
              "skipped": false
            },
            {
              "title": "The wrong length of entered characters in the Name field",
              "fullTitle": "Create Account The wrong length of entered characters in the Name field",
              "timedOut": null,
              "duration": 2516,
              "state": "passed",
              "speed": "fast",
              "pass": true,
              "fail": false,
              "pending": false,
              "context": null,
              "code": "_StepsManager.default.createAccountPageSteps.enterLessThanMinCharactersInTheNameField();\n_StepsManager.default.createAccountPageSteps.registerButtonIsDisabled();\n_StepsManager.default.createAccountPageSteps.verifyingWrongLengthOfEneteredCharactersInTheNameField;",
              "err": {},
              "uuid": "5c1c97e4-20e4-4bef-bb01-e89530fa9fda",
              "parentUUID": "66a52a89-f66f-44df-9756-6d93c6bf3861",
              "isHook": false,
              "skipped": false
            },
            {
              "title": "The invalid Name field validation",
              "fullTitle": "Create Account The invalid Name field validation",
              "timedOut": null,
              "duration": 2171,
              "state": "passed",
              "speed": "fast",
              "pass": true,
              "fail": false,
              "pending": false,
              "context": null,
              "code": "_StepsManager.default.createAccountPageSteps.enterUserInfoInfoWithInvalidName();\n_StepsManager.default.createAccountPageSteps.registerButtonIsDisabled();\n_StepsManager.default.createAccountPageSteps.verifyingTheErrorMessageForInvalidName();",
              "err": {},
              "uuid": "cb952bd4-6f39-48ca-bb96-5a50d6263ba8",
              "parentUUID": "66a52a89-f66f-44df-9756-6d93c6bf3861",
              "isHook": false,
              "skipped": false
            },
            {
              "title": "The empty Last name field validation",
              "fullTitle": "Create Account The empty Last name field validation",
              "timedOut": null,
              "duration": 2345,
              "state": "passed",
              "speed": "fast",
              "pass": true,
              "fail": false,
              "pending": false,
              "context": null,
              "code": "_StepsManager.default.createAccountPageSteps.enterUserInfoInfoWithEmptyLastNameField();\n_StepsManager.default.createAccountPageSteps.registerButtonIsDisabled();\n_StepsManager.default.createAccountPageSteps.verifyingTheErrorMessageForEmptyLastNameField();",
              "err": {},
              "uuid": "42391d8c-c3a3-4147-a2a6-9fbeb6fd7657",
              "parentUUID": "66a52a89-f66f-44df-9756-6d93c6bf3861",
              "isHook": false,
              "skipped": false
            },
            {
              "title": "The invalid Last Name field validation",
              "fullTitle": "Create Account The invalid Last Name field validation",
              "timedOut": null,
              "duration": 2165,
              "state": "passed",
              "speed": "fast",
              "pass": true,
              "fail": false,
              "pending": false,
              "context": null,
              "code": "_StepsManager.default.createAccountPageSteps.enterUserInfoInfoWithInvalidLastName();\n_StepsManager.default.createAccountPageSteps.registerButtonIsDisabled();\n_StepsManager.default.createAccountPageSteps.verifyingTheErrorMessageForInvalidLastName();",
              "err": {},
              "uuid": "59352e9b-4e72-4918-ae49-1be13fb81eee",
              "parentUUID": "66a52a89-f66f-44df-9756-6d93c6bf3861",
              "isHook": false,
              "skipped": false
            },
            {
              "title": "The wrong length of entered characters in the Last Name field",
              "fullTitle": "Create Account The wrong length of entered characters in the Last Name field",
              "timedOut": null,
              "duration": 2569,
              "state": "passed",
              "speed": "fast",
              "pass": true,
              "fail": false,
              "pending": false,
              "context": null,
              "code": "_StepsManager.default.createAccountPageSteps.enterMoreThanMaxNumberOfCharactersInTheLastNameField();\n_StepsManager.default.createAccountPageSteps.registerButtonIsDisabled();\n_StepsManager.default.createAccountPageSteps.verifyingWrongLengthOfEneteredCharactersInTheLastNameField();",
              "err": {},
              "uuid": "4f12d1f2-c7be-4238-9bfc-a0793fac03b4",
              "parentUUID": "66a52a89-f66f-44df-9756-6d93c6bf3861",
              "isHook": false,
              "skipped": false
            },
            {
              "title": "The empty Email field validation",
              "fullTitle": "Create Account The empty Email field validation",
              "timedOut": null,
              "duration": 2165,
              "state": "passed",
              "speed": "fast",
              "pass": true,
              "fail": false,
              "pending": false,
              "context": null,
              "code": "_StepsManager.default.createAccountPageSteps.enterUserInfoInfoWithEmptyEmailField();\n_StepsManager.default.createAccountPageSteps.registerButtonIsDisabled();\n_StepsManager.default.createAccountPageSteps.verifyingTheErrorMessageForEmptyEmailField();",
              "err": {},
              "uuid": "8f86ea8d-cd3a-4bc7-bd63-38beb46782ff",
              "parentUUID": "66a52a89-f66f-44df-9756-6d93c6bf3861",
              "isHook": false,
              "skipped": false
            },
            {
              "title": "The invalid Email field validation",
              "fullTitle": "Create Account The invalid Email field validation",
              "timedOut": null,
              "duration": 2560,
              "state": "passed",
              "speed": "fast",
              "pass": true,
              "fail": false,
              "pending": false,
              "context": null,
              "code": "_StepsManager.default.createAccountPageSteps.enterUserInfoInfoWithInvalidEmail();\n_StepsManager.default.createAccountPageSteps.registerButtonIsDisabled();\n_StepsManager.default.createAccountPageSteps.verifyingTheErrorMessageForInvalidEmail();",
              "err": {},
              "uuid": "02b28559-8eb6-4395-86a0-fc5a202b231e",
              "parentUUID": "66a52a89-f66f-44df-9756-6d93c6bf3861",
              "isHook": false,
              "skipped": false
            },
            {
              "title": "The empty Password field validation",
              "fullTitle": "Create Account The empty Password field validation",
              "timedOut": null,
              "duration": 3415,
              "state": "passed",
              "speed": "fast",
              "pass": true,
              "fail": false,
              "pending": false,
              "context": null,
              "code": "_StepsManager.default.createAccountPageSteps.enterUserInfoInfoWithEmptyPasswordField();\n_StepsManager.default.createAccountPageSteps.registerButtonIsDisabled();\n_StepsManager.default.createAccountPageSteps.verifyingTheErrorMessageForEmptyPasswordField();",
              "err": {},
              "uuid": "43c407a8-a27d-4494-8833-72eb8b08b26e",
              "parentUUID": "66a52a89-f66f-44df-9756-6d93c6bf3861",
              "isHook": false,
              "skipped": false
            },
            {
              "title": "Invalid Password field validation",
              "fullTitle": "Create Account Invalid Password field validation",
              "timedOut": null,
              "duration": 2576,
              "state": "passed",
              "speed": "fast",
              "pass": true,
              "fail": false,
              "pending": false,
              "context": null,
              "code": "_StepsManager.default.createAccountPageSteps.enterUserInfoInfoWithInvalidPassword();\n_StepsManager.default.createAccountPageSteps.registerButtonIsDisabled();\n_StepsManager.default.createAccountPageSteps.verifyingTheErrorMessageForInvalidPassword();",
              "err": {},
              "uuid": "be57a24e-027d-4be3-9052-3a1260dab6ce",
              "parentUUID": "66a52a89-f66f-44df-9756-6d93c6bf3861",
              "isHook": false,
              "skipped": false
            },
            {
              "title": "The empty Confirm Password field validation",
              "fullTitle": "Create Account The empty Confirm Password field validation",
              "timedOut": null,
              "duration": 2613,
              "state": "passed",
              "speed": "fast",
              "pass": true,
              "fail": false,
              "pending": false,
              "context": null,
              "code": "_StepsManager.default.createAccountPageSteps.enterUserInfoInfoWithEmptyConfirmPasswordField();\n_StepsManager.default.createAccountPageSteps.registerButtonIsDisabled();\n_StepsManager.default.createAccountPageSteps.verifyingTheErrorMessageForEmptyConfirmPasswordField();",
              "err": {},
              "uuid": "248ed0a2-c604-46ba-a57f-80f37bbec07f",
              "parentUUID": "66a52a89-f66f-44df-9756-6d93c6bf3861",
              "isHook": false,
              "skipped": false
            },
            {
              "title": "Verify mismatching Password in the Password and Confirm Password fields",
              "fullTitle": "Create Account Verify mismatching Password in the Password and Confirm Password fields",
              "timedOut": null,
              "duration": 2905,
              "state": "passed",
              "speed": "fast",
              "pass": true,
              "fail": false,
              "pending": false,
              "context": null,
              "code": "_StepsManager.default.createAccountPageSteps.enterUserInfoInfoWithoutRepeatedPassword();\n_StepsManager.default.createAccountPageSteps.enterDifferentConfirmPassword();\n_StepsManager.default.createAccountPageSteps.verifyErrorForMismatchingPassword();",
              "err": {},
              "uuid": "697d5ee6-061f-4e52-a2fa-557426dbc7dc",
              "parentUUID": "66a52a89-f66f-44df-9756-6d93c6bf3861",
              "isHook": false,
              "skipped": false
            }
          ],
          "suites": [],
          "passes": [
            "4dc16f18-c04c-446c-9f7c-34e07986a5a8",
            "5c1c97e4-20e4-4bef-bb01-e89530fa9fda",
            "cb952bd4-6f39-48ca-bb96-5a50d6263ba8",
            "42391d8c-c3a3-4147-a2a6-9fbeb6fd7657",
            "59352e9b-4e72-4918-ae49-1be13fb81eee",
            "4f12d1f2-c7be-4238-9bfc-a0793fac03b4",
            "8f86ea8d-cd3a-4bc7-bd63-38beb46782ff",
            "02b28559-8eb6-4395-86a0-fc5a202b231e",
            "43c407a8-a27d-4494-8833-72eb8b08b26e",
            "be57a24e-027d-4be3-9052-3a1260dab6ce",
            "248ed0a2-c604-46ba-a57f-80f37bbec07f",
            "697d5ee6-061f-4e52-a2fa-557426dbc7dc"
          ],
          "failures": [
            "d409155e-0f38-4769-96d9-a4eab6d91191",
            "40403752-e37e-4b84-a960-5b592b7e6871"
          ],
          "pending": [],
          "skipped": [],
          "duration": 35806,
          "root": false,
          "rootEmpty": false,
          "_timeout": 2000
        }
      ],
      "passes": [],
      "failures": [],
      "pending": [],
      "skipped": [],
      "duration": 0,
      "root": true,
      "rootEmpty": true,
      "_timeout": 2000
    }
  ],
  "meta": {
    "mocha": {
      "version": "7.0.1"
    },
    "mochawesome": {
      "options": {
        "quiet": false,
        "reportFilename": "mochawesome",
        "saveHtml": false,
        "saveJson": true,
        "consoleReporter": "spec",
        "useInlineDiffs": false,
        "code": true
      },
      "version": "7.1.3"
    },
    "marge": {
      "options": {
        "charts": true,
        "reportPageTitle": "custom-title",
        "embeddedScreenshots": true,
        "inlineAssets": true,
        "saveAllAttempts": false,
        "reportDir": "cypress\\reports\\.jsons",
        "html": false,
        "json": true,
        "overwrite": false
      },
      "version": "6.2.0"
    }
  }
}